travis_fold:start:worker_info
[0K[33;1mWorker information[0m
hostname: 8784a4d7-d3f5-470f-8084-525c8c85c268@1.worker-com-f6b8745bf-plq2j.gce-production-1
version: v6.2.8 https://github.com/travis-ci/worker/tree/6d3048d96b26562be21fa1a8b8144f4c4cecd083
instance: travis-job-f5572a52-af91-437a-8357-b8153688a24d travis-ci-sardonyx-xenial-1553530528-f909ac5 (via amqp)
startup: 6.072984299s
travis_fold:end:worker_info
[0Ktravis_time:start:1567bdda
[0Ktravis_time:end:1567bdda:start=1590568130614584252,finish=1590568130742746370,duration=128162118,event=no_world_writable_dirs
[0Ktravis_time:start:167123e2
[0Ktravis_time:end:167123e2:start=1590568130745948350,finish=1590568130753104180,duration=7155830,event=agent
[0Ktravis_time:start:1318cb36
[0Ktravis_time:end:1318cb36:start=1590568130755657835,finish=1590568130757549962,duration=1892127,event=check_unsupported
[0Ktravis_time:start:28d1e16c
[0Ktravis_fold:start:system_info
[0K[33;1mBuild system information[0m
Build language: go
Build dist: xenial
Build id: 168352917
Job id: 340397369
Runtime kernel version: 4.15.0-1028-gcp
travis-build version: b681de9d
[34m[1mBuild image provisioning date and time[0m
Mon Mar 25 16:43:24 UTC 2019
[34m[1mOperating System Details[0m
Distributor ID:	Ubuntu
Description:	Ubuntu 16.04.6 LTS
Release:	16.04
Codename:	xenial
[34m[1mSystemd Version[0m
systemd 229
[34m[1mCookbooks Version[0m
42e42e4 https://github.com/travis-ci/travis-cookbooks/tree/42e42e4
[34m[1mgit version[0m
git version 2.21.0
[34m[1mbash version[0m
GNU bash, version 4.3.48(1)-release (x86_64-pc-linux-gnu)
[34m[1mgcc version[0m
gcc (Ubuntu 5.4.0-6ubuntu1~16.04.11) 5.4.0 20160609
[34m[1mdocker version[0m
Client:
 Version:           18.06.0-ce
 API version:       1.38
 Go version:        go1.10.3
 Git commit:        0ffa825
 Built:             Wed Jul 18 19:11:02 2018
 OS/Arch:           linux/amd64
 Experimental:      false

Server:
 Engine:
  Version:          18.06.0-ce
  API version:      1.38 (minimum version 1.12)
  Go version:       go1.10.3
  Git commit:       0ffa825
  Built:            Wed Jul 18 19:09:05 2018
  OS/Arch:          linux/amd64
  Experimental:     false
[34m[1mclang version[0m
clang version 7.0.0 (tags/RELEASE_700/final)
[34m[1mjq version[0m
jq-1.5
[34m[1mbats version[0m
Bats 0.4.0
[34m[1mshellcheck version[0m
0.6.0
[34m[1mshfmt version[0m
v2.6.3
[34m[1mccache version[0m
3.2.4
[34m[1mcmake version[0m
cmake version 3.12.4
[34m[1mheroku version[0m
heroku/7.22.7 linux-x64 node-v11.10.1
[34m[1mimagemagick version[0m
Version: ImageMagick 6.8.9-9 Q16 x86_64 2018-09-28 http://www.imagemagick.org
[34m[1mmd5deep version[0m
4.4
[34m[1mmercurial version[0m
version 4.8
[34m[1mmysql version[0m
mysql  Ver 14.14 Distrib 5.7.25, for Linux (x86_64) using  EditLine wrapper
[34m[1mopenssl version[0m
OpenSSL 1.0.2g  1 Mar 2016
[34m[1mpacker version[0m
1.3.3
[34m[1mpostgresql client version[0m
psql (PostgreSQL) 10.7 (Ubuntu 10.7-1.pgdg16.04+1)
[34m[1mragel version[0m
Ragel State Machine Compiler version 6.8 Feb 2013
[34m[1msudo version[0m
1.8.16
[34m[1mgzip version[0m
gzip 1.6
[34m[1mzip version[0m
Zip 3.0
[34m[1mvim version[0m
VIM - Vi IMproved 7.4 (2013 Aug 10, compiled Nov 24 2016 16:44:48)
[34m[1miptables version[0m
iptables v1.6.0
[34m[1mcurl version[0m
curl 7.47.0 (x86_64-pc-linux-gnu) libcurl/7.47.0 GnuTLS/3.4.10 zlib/1.2.8 libidn/1.32 librtmp/2.3
[34m[1mwget version[0m
GNU Wget 1.17.1 built on linux-gnu.
[34m[1mrsync version[0m
rsync  version 3.1.1  protocol version 31
[34m[1mgimme version[0m
v1.5.3
[34m[1mnvm version[0m
0.34.0
[34m[1mperlbrew version[0m
/home/travis/perl5/perlbrew/bin/perlbrew  - App::perlbrew/0.86
[34m[1mphpenv version[0m
rbenv 1.1.2
[34m[1mrvm version[0m
rvm 1.29.7 (latest) by Michal Papis, Piotr Kuczynski, Wayne E. Seguin [https://rvm.io]
[34m[1mdefault ruby version[0m
ruby 2.5.3p105 (2018-10-18 revision 65156) [x86_64-linux]
[34m[1mCouchDB version[0m
couchdb 1.6.1
[34m[1mElasticSearch version[0m
5.5.0
[34m[1mInstalled Firefox version[0m
firefox 63.0.1
[34m[1mMongoDB version[0m
MongoDB 4.0.7
[34m[1mPhantomJS version[0m
2.1.1
[34m[1mPre-installed PostgreSQL versions[0m
9.4.21
9.5.16
9.6.12
[34m[1mRedis version[0m
redis-server 5.0.4
[34m[1mPre-installed Go versions[0m
1.11.1
[34m[1mmvn version[0m
Apache Maven 3.6.0 (97c98ec64a1fdfee7767ce5ffb20918da4f719f3; 2018-10-24T18:41:47Z)
[34m[1mgradle version[0m
Gradle 4.10.2!
[34m[1mlein version[0m
Leiningen 2.9.1 on Java 11.0.2 OpenJDK 64-Bit Server VM
[34m[1mPre-installed Node.js versions[0m
v10.15.3
v11.0.0
v4.9.1
v6.17.0
v8.12.0
v8.15.1
v8.9
[34m[1mphpenv versions[0m
  system
  5.6
  5.6.40
  7.1
  7.1.27
  7.2
* 7.2.15 (set by /home/travis/.phpenv/version)
  hhvm
  hhvm-stable
[34m[1mcomposer --version[0m
Composer version 1.8.4 2019-02-11 10:52:10
[34m[1mPre-installed Ruby versions[0m
ruby-2.3.8
ruby-2.4.5
ruby-2.5.3
travis_fold:end:system_info
[0K
travis_time:end:28d1e16c:start=1590568130760013763,finish=1590568130767287961,duration=7274198,event=show_system_info
[0Ktravis_time:start:00db1c5c
[0Ktravis_time:end:00db1c5c:start=1590568130769914988,finish=1590568130782347794,duration=12432806,event=rm_riak_source
[0Ktravis_time:start:0f4182b6
[0Ktravis_time:end:0f4182b6:start=1590568130785273728,finish=1590568130789819102,duration=4545374,event=fix_rwky_redis
[0Ktravis_time:start:14874c54
[0Ktravis_time:end:14874c54:start=1590568130792382526,finish=1590568131195936640,duration=403554114,event=wait_for_network
[0Ktravis_time:start:1dd7cc9c
[0Ktravis_time:end:1dd7cc9c:start=1590568131198807879,finish=1590568131400287492,duration=201479613,event=update_apt_keys
[0Ktravis_time:start:06d5ba00
[0Ktravis_time:end:06d5ba00:start=1590568131403125504,finish=1590568131452635911,duration=49510407,event=fix_hhvm_source
[0Ktravis_time:start:12d4c790
[0Ktravis_time:end:12d4c790:start=1590568131455663971,finish=1590568131458095353,duration=2431382,event=update_mongo_arch
[0Ktravis_time:start:0003ce50
[0Ktravis_time:end:0003ce50:start=1590568131460777878,finish=1590568131499994263,duration=39216385,event=fix_sudo_enabled_trusty
[0Ktravis_time:start:39af502d
[0Ktravis_time:end:39af502d:start=1590568131502887371,finish=1590568131504918450,duration=2031079,event=update_glibc
[0Ktravis_time:start:0b13b07c
[0Ktravis_time:end:0b13b07c:start=1590568131507478762,finish=1590568131514216043,duration=6737281,event=clean_up_path
[0Ktravis_time:start:2d786d3d
[0Ktravis_time:end:2d786d3d:start=1590568131516819102,finish=1590568131524009591,duration=7190489,event=fix_resolv_conf
[0Ktravis_time:start:14e7faa0
[0Ktravis_time:end:14e7faa0:start=1590568131526631202,finish=1590568131534639110,duration=8007908,event=fix_etc_hosts
[0Ktravis_time:start:1593b0b2
[0Ktravis_time:end:1593b0b2:start=1590568131537192411,finish=1590568131545337488,duration=8145077,event=fix_mvn_settings_xml
[0Ktravis_time:start:00444b73
[0Ktravis_time:end:00444b73:start=1590568131548041030,finish=1590568131556752383,duration=8711353,event=no_ipv6_localhost
[0Ktravis_time:start:131f5b81
[0Ktravis_time:end:131f5b81:start=1590568131559423289,finish=1590568131561362712,duration=1939423,event=fix_etc_mavenrc
[0Ktravis_time:start:213126a5
[0Ktravis_time:end:213126a5:start=1590568131563960408,finish=1590568131566727031,duration=2766623,event=fix_wwdr_certificate
[0Ktravis_time:start:0178cea0
[0Ktravis_time:end:0178cea0:start=1590568131569311289,finish=1590568131590689733,duration=21378444,event=put_localhost_first
[0Ktravis_time:start:03647e74
[0Ktravis_time:end:03647e74:start=1590568131593355787,finish=1590568131595788918,duration=2433131,event=home_paths
[0Ktravis_time:start:28f7bfbb
[0Ktravis_time:end:28f7bfbb:start=1590568131598604172,finish=1590568131609635342,duration=11031170,event=disable_initramfs
[0Ktravis_time:start:06f5fd30
[0Ktravis_time:end:06f5fd30:start=1590568131612205156,finish=1590568131926733053,duration=314527897,event=disable_ssh_roaming
[0Ktravis_time:start:02485f12
[0Ktravis_time:end:02485f12:start=1590568131929745474,finish=1590568131931871140,duration=2125666,event=debug_tools
[0Ktravis_time:start:0acc71d0
[0Ktravis_time:end:0acc71d0:start=1590568131934701632,finish=1590568131937463067,duration=2761435,event=uninstall_oclint
[0Ktravis_time:start:2bb6d9da
[0Ktravis_time:end:2bb6d9da:start=1590568131940166492,finish=1590568131942954806,duration=2788314,event=rvm_use
[0Ktravis_time:start:02653c56
[0Ktravis_time:end:02653c56:start=1590568131945833570,finish=1590568131952982890,duration=7149320,event=rm_etc_boto_cfg
[0Ktravis_time:start:0a2550f0
[0Ktravis_time:end:0a2550f0:start=1590568131955646853,finish=1590568131958047002,duration=2400149,event=rm_oraclejdk8_symlink
[0Ktravis_time:start:0cecf478
[0Ktravis_time:end:0cecf478:start=1590568131960830601,finish=1590568132065490686,duration=104660085,event=enable_i386
[0Ktravis_time:start:035f0422
[0Ktravis_time:end:035f0422:start=1590568132068575597,finish=1590568132074214380,duration=5638783,event=update_rubygems
[0Ktravis_time:start:1dd5e380
[0Ktravis_time:end:1dd5e380:start=1590568132077086277,finish=1590568132854878472,duration=777792195,event=ensure_path_components
[0Ktravis_time:start:05d37300
[0Ktravis_time:end:05d37300:start=1590568132858019437,finish=1590568132860107139,duration=2087702,event=redefine_curl
[0Ktravis_time:start:0f6a24a6
[0Ktravis_time:end:0f6a24a6:start=1590568132862753569,finish=1590568132864804340,duration=2050771,event=nonblock_pipe
[0Ktravis_time:start:073c154d
[0Ktravis_time:end:073c154d:start=1590568132867346321,finish=1590568138898756890,duration=6031410569,event=apt_get_update
[0Ktravis_time:start:3410604e
[0Ktravis_time:end:3410604e:start=1590568138901711784,finish=1590568138903758503,duration=2046719,event=deprecate_xcode_64
[0Ktravis_time:start:09a0f63b
[0Ktravis_time:end:09a0f63b:start=1590568138906384444,finish=1590568141340434050,duration=2434049606,event=update_heroku
[0Ktravis_time:start:165953a0
[0Ktravis_time:end:165953a0:start=1590568141343488889,finish=1590568141345586283,duration=2097394,event=shell_session_update
[0Ktravis_time:start:006937e0
[0Ktravis_fold:start:docker_mtu
[0Ktravis_fold:end:docker_mtu
[0Ktravis_time:end:006937e0:start=1590568141348297804,finish=1590568143598949809,duration=2250652005,event=set_docker_mtu
[0Ktravis_time:start:1a59d3d2
[0Ktravis_fold:start:resolvconf
[0Ktravis_fold:end:resolvconf
[0Ktravis_time:end:1a59d3d2:start=1590568143605014347,finish=1590568143665021586,duration=60007239,event=resolvconf
[0Ktravis_time:start:2c32e3bd
[0Ktravis_time:end:2c32e3bd:start=1590568143668728022,finish=1590568143795880608,duration=127152586,event=maven_central_mirror
[0Ktravis_time:start:061ddc1e
[0Ktravis_time:end:061ddc1e:start=1590568143798849636,finish=1590568143885162495,duration=86312859,event=maven_https
[0Ktravis_time:start:1049e99d
[0Ktravis_fold:start:services
[0Ktravis_time:start:003ff486
[0K$ travis_setup_postgresql
[33;1mStarting PostgreSQL v9.6[0K
sudo systemctl start postgresql@9.6-main
travis_time:end:003ff486:start=1590568143891607424,finish=1590568147038538756,duration=3146931332,event=prepare
[0Ktravis_time:start:048f0694
[0K$ sudo systemctl start docker
travis_time:end:048f0694:start=1590568147041938523,finish=1590568147052428286,duration=10489763,event=prepare
[0Ktravis_fold:end:services
[0Ktravis_time:end:048f0694:start=1590568147041938523,finish=1590568150056447790,duration=3014509267,event=services
[0Ktravis_time:start:2ba719ca
[0Ktravis_time:end:2ba719ca:start=1590568150059302752,finish=1590568150061261813,duration=1959061,event=fix_ps4
[0KUpdating gimme
travis_time:start:0903f66c
[0K
travis_fold:start:git.checkout
[0Ktravis_time:start:0cb9be3f
[0K$ git clone --depth=50 --branch=travis_ci_setup https://github.com/s018/go-mux.git s018/go-mux
Cloning into 's018/go-mux'...
remote: Enumerating objects: 59, done.[K
remote: Counting objects:   1% (1/59)[K
remote: Counting objects:   3% (2/59)[K
remote: Counting objects:   5% (3/59)[K
remote: Counting objects:   6% (4/59)[K
remote: Counting objects:   8% (5/59)[K
remote: Counting objects:  10% (6/59)[K
remote: Counting objects:  11% (7/59)[K
remote: Counting objects:  13% (8/59)[K
remote: Counting objects:  15% (9/59)[K
remote: Counting objects:  16% (10/59)[K
remote: Counting objects:  18% (11/59)[K
remote: Counting objects:  20% (12/59)[K
remote: Counting objects:  22% (13/59)[K
remote: Counting objects:  23% (14/59)[K
remote: Counting objects:  25% (15/59)[K
remote: Counting objects:  27% (16/59)[K
remote: Counting objects:  28% (17/59)[K
remote: Counting objects:  30% (18/59)[K
remote: Counting objects:  32% (19/59)[K
remote: Counting objects:  33% (20/59)[K
remote: Counting objects:  35% (21/59)[K
remote: Counting objects:  37% (22/59)[K
remote: Counting objects:  38% (23/59)[K
remote: Counting objects:  40% (24/59)[K
remote: Counting objects:  42% (25/59)[K
remote: Counting objects:  44% (26/59)[K
remote: Counting objects:  45% (27/59)[K
remote: Counting objects:  47% (28/59)[K
remote: Counting objects:  49% (29/59)[K
remote: Counting objects:  50% (30/59)[K
remote: Counting objects:  52% (31/59)[K
remote: Counting objects:  54% (32/59)[K
remote: Counting objects:  55% (33/59)[K
remote: Counting objects:  57% (34/59)[K
remote: Counting objects:  59% (35/59)[K
remote: Counting objects:  61% (36/59)[K
remote: Counting objects:  62% (37/59)[K
remote: Counting objects:  64% (38/59)[K
remote: Counting objects:  66% (39/59)[K
remote: Counting objects:  67% (40/59)[K
remote: Counting objects:  69% (41/59)[K
remote: Counting objects:  71% (42/59)[K
remote: Counting objects:  72% (43/59)[K
remote: Counting objects:  74% (44/59)[K
remote: Counting objects:  76% (45/59)[K
remote: Counting objects:  77% (46/59)[K
remote: Counting objects:  79% (47/59)[K
remote: Counting objects:  81% (48/59)[K
remote: Counting objects:  83% (49/59)[K
remote: Counting objects:  84% (50/59)[K
remote: Counting objects:  86% (51/59)[K
remote: Counting objects:  88% (52/59)[K
remote: Counting objects:  89% (53/59)[K
remote: Counting objects:  91% (54/59)[K
remote: Counting objects:  93% (55/59)[K
remote: Counting objects:  94% (56/59)[K
remote: Counting objects:  96% (57/59)[K
remote: Counting objects:  98% (58/59)[K
remote: Counting objects: 100% (59/59)[K
remote: Counting objects: 100% (59/59), done.[K
remote: Compressing objects:   2% (1/45)[K
remote: Compressing objects:   4% (2/45)[K
remote: Compressing objects:   6% (3/45)[K
remote: Compressing objects:   8% (4/45)[K
remote: Compressing objects:  11% (5/45)[K
remote: Compressing objects:  13% (6/45)[K
remote: Compressing objects:  15% (7/45)[K
remote: Compressing objects:  17% (8/45)[K
remote: Compressing objects:  20% (9/45)[K
remote: Compressing objects:  22% (10/45)[K
remote: Compressing objects:  24% (11/45)[K
remote: Compressing objects:  26% (12/45)[K
remote: Compressing objects:  28% (13/45)[K
remote: Compressing objects:  31% (14/45)[K
remote: Compressing objects:  33% (15/45)[K
remote: Compressing objects:  35% (16/45)[K
remote: Compressing objects:  37% (17/45)[K
remote: Compressing objects:  40% (18/45)[K
remote: Compressing objects:  42% (19/45)[K
remote: Compressing objects:  44% (20/45)[K
remote: Compressing objects:  46% (21/45)[K
remote: Compressing objects:  48% (22/45)[K
remote: Compressing objects:  51% (23/45)[K
remote: Compressing objects:  53% (24/45)[K
remote: Compressing objects:  55% (25/45)[K
remote: Compressing objects:  57% (26/45)[K
remote: Compressing objects:  60% (27/45)[K
remote: Compressing objects:  62% (28/45)[K
remote: Compressing objects:  64% (29/45)[K
remote: Compressing objects:  66% (30/45)[K
remote: Compressing objects:  68% (31/45)[K
remote: Compressing objects:  71% (32/45)[K
remote: Compressing objects:  73% (33/45)[K
remote: Compressing objects:  75% (34/45)[K
remote: Compressing objects:  77% (35/45)[K
remote: Compressing objects:  80% (36/45)[K
remote: Compressing objects:  82% (37/45)[K
remote: Compressing objects:  84% (38/45)[K
remote: Compressing objects:  86% (39/45)[K
remote: Compressing objects:  88% (40/45)[K
remote: Compressing objects:  91% (41/45)[K
remote: Compressing objects:  93% (42/45)[K
remote: Compressing objects:  95% (43/45)[K
remote: Compressing objects:  97% (44/45)[K
remote: Compressing objects: 100% (45/45)[K
remote: Compressing objects: 100% (45/45), done.[K
Receiving objects:   1% (1/59)   
Receiving objects:   3% (2/59)   
Receiving objects:   5% (3/59)   
Receiving objects:   6% (4/59)   
Receiving objects:   8% (5/59)   
Receiving objects:  10% (6/59)   
Receiving objects:  11% (7/59)   
Receiving objects:  13% (8/59)   
Receiving objects:  15% (9/59)   
Receiving objects:  16% (10/59)   
Receiving objects:  18% (11/59)   
Receiving objects:  20% (12/59)   
Receiving objects:  22% (13/59)   
Receiving objects:  23% (14/59)   
Receiving objects:  25% (15/59)   
Receiving objects:  27% (16/59)   
Receiving objects:  28% (17/59)   
Receiving objects:  30% (18/59)   
Receiving objects:  32% (19/59)   
Receiving objects:  33% (20/59)   
Receiving objects:  35% (21/59)   
Receiving objects:  37% (22/59)   
Receiving objects:  38% (23/59)   
Receiving objects:  40% (24/59)   
Receiving objects:  42% (25/59)   
Receiving objects:  44% (26/59)   
Receiving objects:  45% (27/59)   
Receiving objects:  47% (28/59)   
Receiving objects:  49% (29/59)   
Receiving objects:  50% (30/59)   
Receiving objects:  52% (31/59)   
Receiving objects:  54% (32/59)   
Receiving objects:  55% (33/59)   
Receiving objects:  57% (34/59)   
Receiving objects:  59% (35/59)   
Receiving objects:  61% (36/59)   
remote: Total 59 (delta 25), reused 47 (delta 13), pack-reused 0[K
Receiving objects:  62% (37/59)   
Receiving objects:  64% (38/59)   
Receiving objects:  66% (39/59)   
Receiving objects:  67% (40/59)   
Receiving objects:  69% (41/59)   
Receiving objects:  71% (42/59)   
Receiving objects:  72% (43/59)   
Receiving objects:  74% (44/59)   
Receiving objects:  76% (45/59)   
Receiving objects:  77% (46/59)   
Receiving objects:  79% (47/59)   
Receiving objects:  81% (48/59)   
Receiving objects:  83% (49/59)   
Receiving objects:  84% (50/59)   
Receiving objects:  86% (51/59)   
Receiving objects:  88% (52/59)   
Receiving objects:  89% (53/59)   
Receiving objects:  91% (54/59)   
Receiving objects:  93% (55/59)   
Receiving objects:  94% (56/59)   
Receiving objects:  96% (57/59)   
Receiving objects:  98% (58/59)   
Receiving objects: 100% (59/59)   
Receiving objects: 100% (59/59), 2.13 MiB | 24.56 MiB/s, done.
Resolving deltas:   0% (0/25)   
Resolving deltas:  44% (11/25)   
Resolving deltas:  52% (13/25)   
Resolving deltas:  56% (14/25)   
Resolving deltas:  60% (15/25)   
Resolving deltas:  68% (17/25)   
Resolving deltas:  72% (18/25)   
Resolving deltas:  84% (21/25)   
Resolving deltas: 100% (25/25)   
Resolving deltas: 100% (25/25), done.
travis_time:end:0cb9be3f:start=1590568154309634749,finish=1590568154978686042,duration=669051293,event=checkout
[0K$ cd s018/go-mux
$ git checkout -qf 78b312df9dd3d49f34d3a1a77992cbbce3ac95b8
travis_fold:end:git.checkout
[0K
travis_time:end:0cb9be3f:start=1590568154309634749,finish=1590568154997869623,duration=688234874,event=checkout
[0K$ travis_export_go 1.14.x github.com/s018/go-mux
travis_time:start:1376bb1a
[0Ktravis_time:end:1376bb1a:start=1590568155003150249,finish=1590568155008091319,duration=4941070,event=env
[0Ktravis_time:start:077a5310
[0K$ travis_setup_go
go version go1.14.3 linux/amd64
$ export GOPATH="/home/travis/gopath"
$ export PATH="/home/travis/gopath/bin:/home/travis/.gimme/versions/go1.14.3.linux.amd64/bin:/home/travis/bin:/usr/lib/postgresql/9.6/bin:/home/travis/bin:/home/travis/.local/bin:/usr/local/lib/jvm/openjdk11/bin:/opt/pyenv/shims:/home/travis/.phpenv/shims:/home/travis/perl5/perlbrew/bin:/home/travis/.nvm/versions/node/v8.12.0/bin:/home/travis/.rvm/gems/ruby-2.5.3/bin:/home/travis/.rvm/gems/ruby-2.5.3@global/bin:/home/travis/.rvm/rubies/ruby-2.5.3/bin:/home/travis/gopath/bin:/home/travis/.gimme/versions/go1.11.1.linux.amd64/bin:/usr/local/maven-3.6.0/bin:/usr/local/cmake-3.12.4/bin:/usr/local/clang-7.0.0/bin:/usr/local/sbin:/usr/local/bin:/usr/sbin:/usr/bin:/sbin:/bin:/snap/bin:/home/travis/.rvm/bin:/home/travis/.phpenv/bin:/opt/pyenv/bin:/home/travis/.yarn/bin"
$ export GO111MODULE="auto"
travis_time:end:077a5310:start=1590568155011105769,finish=1590568159102692283,duration=4091586514,event=
[0K$ gimme version
v1.5.4
$ go version
go version go1.14.3 linux/amd64
travis_fold:start:go.env
[0K$ go env
GO111MODULE="auto"
GOARCH="amd64"
GOBIN=""
GOCACHE="/home/travis/.cache/go-build"
GOENV="/home/travis/.config/go/env"
GOEXE=""
GOFLAGS=""
GOHOSTARCH="amd64"
GOHOSTOS="linux"
GOINSECURE=""
GONOPROXY=""
GONOSUMDB=""
GOOS="linux"
GOPATH="/home/travis/gopath"
GOPRIVATE=""
GOPROXY="https://proxy.golang.org,direct"
GOROOT="/home/travis/.gimme/versions/go1.14.3.linux.amd64"
GOSUMDB="sum.golang.org"
GOTMPDIR=""
GOTOOLDIR="/home/travis/.gimme/versions/go1.14.3.linux.amd64/pkg/tool/linux_amd64"
GCCGO="gccgo"
AR="ar"
CC="gcc"
CXX="g++"
CGO_ENABLED="1"
GOMOD="/home/travis/gopath/src/github.com/s018/go-mux/go.mod"
CGO_CFLAGS="-g -O2"
CGO_CPPFLAGS=""
CGO_CXXFLAGS="-g -O2"
CGO_FFLAGS="-g -O2"
CGO_LDFLAGS="-g -O2"
PKG_CONFIG="pkg-config"
GOGCCFLAGS="-fPIC -m64 -pthread -fmessage-length=0 -fdebug-prefix-map=/tmp/go-build157937164=/tmp/go-build -gno-record-gcc-switches"
travis_fold:end:go.env
[0Ktravis_fold:start:install
[0Ktravis_time:start:127fdb9e
[0K$ travis_install_go_dependencies 1.14.x -v
go: downloading github.com/gorilla/mux v1.7.4
go: downloading github.com/lib/pq v1.5.2
github.com/lib/pq/oid
github.com/gorilla/mux
github.com/lib/pq/scram
github.com/lib/pq
github.com/s018/go-mux
travis_time:end:127fdb9e:start=1590568159418009482,finish=1590568161770668268,duration=2352658786,event=install
[0Ktravis_fold:end:install
[0Ktravis_time:start:0dc539b4
[0K$ go test -v ./...
2020/05/27 08:29:26 pq: role "password=" does not exist
FAIL	github.com/s018/go-mux	0.017s
FAIL
travis_time:end:0dc539b4:start=1590568161774417121,finish=1590568166917686842,duration=5143269721,event=script
[0K[31;1mThe command "go test -v ./..." exited with 1.[0m


Done. Your build exited with 1.
